<?xml version="1.0" encoding="UTF-8"?>
<testng-results ignored="0" total="2" passed="2" failed="0" skipped="0">
  <reporter-output>
  </reporter-output>
  <suite started-at="2024-10-06T10:04:14 IST" name="Master Suite" finished-at="2024-10-06T10:04:37 IST" duration-ms="22696">
    <groups>
      <group name="Master">
        <method signature="TC001AccountRegistrationTest.testRegistration()[pri:0, instance:testCases.TC001AccountRegistrationTest@5d066c7d]" name="testRegistration" class="testCases.TC001AccountRegistrationTest"/>
        <method signature="TC002LoginTest.testLogin()[pri:0, instance:testCases.TC002LoginTest@9ebe38b]" name="testLogin" class="testCases.TC002LoginTest"/>
      </group> <!-- Master -->
      <group name="Sanity">
        <method signature="TC001AccountRegistrationTest.testRegistration()[pri:0, instance:testCases.TC001AccountRegistrationTest@5d066c7d]" name="testRegistration" class="testCases.TC001AccountRegistrationTest"/>
      </group> <!-- Sanity -->
      <group name="Regression">
        <method signature="TC002LoginTest.testLogin()[pri:0, instance:testCases.TC002LoginTest@9ebe38b]" name="testLogin" class="testCases.TC002LoginTest"/>
      </group> <!-- Regression -->
    </groups>
    <test started-at="2024-10-06T10:04:14 IST" name="Test" finished-at="2024-10-06T10:04:37 IST" duration-ms="22696">
      <class name="testCases.TC002LoginTest">
        <test-method is-config="true" signature="setup(java.lang.String,java.lang.String)[pri:0, instance:testCases.TC002LoginTest@9ebe38b]" started-at="2024-10-06T10:04:28 IST" name="setup" finished-at="2024-10-06T10:04:32 IST" duration-ms="3384" status="PASS">
          <params>
            <param index="0">
              <value>
                <![CDATA[windows]]>
              </value>
            </param>
            <param index="1">
              <value>
                <![CDATA[chrome]]>
              </value>
            </param>
          </params>
          <reporter-output>
          </reporter-output>
        </test-method> <!-- setup -->
        <test-method signature="testLogin()[pri:0, instance:testCases.TC002LoginTest@9ebe38b]" started-at="2024-10-06T10:04:32 IST" name="testLogin" finished-at="2024-10-06T10:04:36 IST" duration-ms="4020" status="PASS">
          <reporter-output>
          </reporter-output>
        </test-method> <!-- testLogin -->
        <test-method is-config="true" signature="closed()[pri:0, instance:testCases.TC002LoginTest@9ebe38b]" started-at="2024-10-06T10:04:36 IST" name="closed" finished-at="2024-10-06T10:04:37 IST" duration-ms="1379" status="PASS">
          <reporter-output>
          </reporter-output>
        </test-method> <!-- closed -->
      </class> <!-- testCases.TC002LoginTest -->
      <class name="testCases.TC001AccountRegistrationTest">
        <test-method is-config="true" signature="setup(java.lang.String,java.lang.String)[pri:0, instance:testCases.TC001AccountRegistrationTest@5d066c7d]" started-at="2024-10-06T10:04:15 IST" name="setup" finished-at="2024-10-06T10:04:22 IST" duration-ms="7163" status="PASS">
          <params>
            <param index="0">
              <value>
                <![CDATA[windows]]>
              </value>
            </param>
            <param index="1">
              <value>
                <![CDATA[chrome]]>
              </value>
            </param>
          </params>
          <reporter-output>
          </reporter-output>
        </test-method> <!-- setup -->
        <test-method signature="testRegistration()[pri:0, instance:testCases.TC001AccountRegistrationTest@5d066c7d]" started-at="2024-10-06T10:04:22 IST" name="testRegistration" finished-at="2024-10-06T10:04:27 IST" duration-ms="4757" status="PASS">
          <reporter-output>
          </reporter-output>
        </test-method> <!-- testRegistration -->
        <test-method is-config="true" signature="closed()[pri:0, instance:testCases.TC001AccountRegistrationTest@5d066c7d]" started-at="2024-10-06T10:04:27 IST" name="closed" finished-at="2024-10-06T10:04:28 IST" duration-ms="1395" status="PASS">
          <reporter-output>
          </reporter-output>
        </test-method> <!-- closed -->
      </class> <!-- testCases.TC001AccountRegistrationTest -->
    </test> <!-- Test -->
  </suite> <!-- Master Suite -->
</testng-results>
