<?xml version="1.0" encoding="UTF-8"?>
<testng-results ignored="0" total="2" passed="2" failed="0" skipped="0">
  <reporter-output>
  </reporter-output>
  <suite started-at="2024-10-05T22:25:16 IST" name="Master Suite" finished-at="2024-10-05T22:26:00 IST" duration-ms="43442">
    <groups>
      <group name="Master">
        <method signature="TC001AccountRegistrationTest.testRegistration()[pri:0, instance:testCases.TC001AccountRegistrationTest@6a55299e]" name="testRegistration" class="testCases.TC001AccountRegistrationTest"/>
        <method signature="TC002LoginTest.testLogin()[pri:0, instance:testCases.TC002LoginTest@289710d9]" name="testLogin" class="testCases.TC002LoginTest"/>
      </group> <!-- Master -->
      <group name="Sanity">
        <method signature="TC001AccountRegistrationTest.testRegistration()[pri:0, instance:testCases.TC001AccountRegistrationTest@6a55299e]" name="testRegistration" class="testCases.TC001AccountRegistrationTest"/>
      </group> <!-- Sanity -->
      <group name="Regression">
        <method signature="TC002LoginTest.testLogin()[pri:0, instance:testCases.TC002LoginTest@289710d9]" name="testLogin" class="testCases.TC002LoginTest"/>
      </group> <!-- Regression -->
    </groups>
    <test started-at="2024-10-05T22:25:16 IST" name="Test" finished-at="2024-10-05T22:26:00 IST" duration-ms="43442">
      <class name="testCases.TC002LoginTest">
        <test-method is-config="true" signature="setup(java.lang.String,java.lang.String)[pri:0, instance:testCases.TC002LoginTest@289710d9]" started-at="2024-10-05T22:25:41 IST" name="setup" finished-at="2024-10-05T22:25:51 IST" duration-ms="10216" status="PASS">
          <params>
            <param index="0">
              <value>
                <![CDATA[linux]]>
              </value>
            </param>
            <param index="1">
              <value>
                <![CDATA[firefox]]>
              </value>
            </param>
          </params>
          <reporter-output>
          </reporter-output>
        </test-method> <!-- setup -->
        <test-method signature="testLogin()[pri:0, instance:testCases.TC002LoginTest@289710d9]" started-at="2024-10-05T22:25:51 IST" name="testLogin" finished-at="2024-10-05T22:25:57 IST" duration-ms="6112" status="PASS">
          <reporter-output>
          </reporter-output>
        </test-method> <!-- testLogin -->
        <test-method is-config="true" signature="closed()[pri:0, instance:testCases.TC002LoginTest@289710d9]" started-at="2024-10-05T22:25:57 IST" name="closed" finished-at="2024-10-05T22:26:00 IST" duration-ms="2516" status="PASS">
          <reporter-output>
          </reporter-output>
        </test-method> <!-- closed -->
      </class> <!-- testCases.TC002LoginTest -->
      <class name="testCases.TC001AccountRegistrationTest">
        <test-method is-config="true" signature="setup(java.lang.String,java.lang.String)[pri:0, instance:testCases.TC001AccountRegistrationTest@6a55299e]" started-at="2024-10-05T22:25:17 IST" name="setup" finished-at="2024-10-05T22:25:31 IST" duration-ms="14310" status="PASS">
          <params>
            <param index="0">
              <value>
                <![CDATA[linux]]>
              </value>
            </param>
            <param index="1">
              <value>
                <![CDATA[firefox]]>
              </value>
            </param>
          </params>
          <reporter-output>
          </reporter-output>
        </test-method> <!-- setup -->
        <test-method signature="testRegistration()[pri:0, instance:testCases.TC001AccountRegistrationTest@6a55299e]" started-at="2024-10-05T22:25:31 IST" name="testRegistration" finished-at="2024-10-05T22:25:38 IST" duration-ms="6708" status="PASS">
          <reporter-output>
          </reporter-output>
        </test-method> <!-- testRegistration -->
        <test-method is-config="true" signature="closed()[pri:0, instance:testCases.TC001AccountRegistrationTest@6a55299e]" started-at="2024-10-05T22:25:38 IST" name="closed" finished-at="2024-10-05T22:25:41 IST" duration-ms="2640" status="PASS">
          <reporter-output>
          </reporter-output>
        </test-method> <!-- closed -->
      </class> <!-- testCases.TC001AccountRegistrationTest -->
    </test> <!-- Test -->
  </suite> <!-- Master Suite -->
</testng-results>
